<?xml version="1.0" encoding="UTF-8"?>
<testsuite xmlns:xsi="http://www.w3.org/2001/XMLSchema-instance" xsi:noNamespaceSchemaLocation="https://maven.apache.org/surefire/maven-surefire-plugin/xsd/surefire-test-report-3.0.xsd" version="3.0" name="com.example.ShipmentTest_Section2" time="0.039" tests="7" errors="0" skipped="0" failures="0">
  <properties>
[...]
</properties>
  <testcase name="sec2_express_1kg" classname="com.example.ShipmentTest_Section2" time="0.018"/>
  <testcase name="sec2_emptyCompany" classname="com.example.ShipmentTest_Section2" time="0.001"/>
  <testcase name="sec2_express_2_5kg" classname="com.example.ShipmentTest_Section2" time="0.0"/>
  <testcase name="sec2_totalCost" classname="com.example.ShipmentTest_Section2" time="0.0"/>
  <testcase name="sec2_standard_4kg" classname="com.example.ShipmentTest_Section2" time="0.0"/>
  <testcase name="sec2_standard_6kg" classname="com.example.ShipmentTest_Section2" time="0.001"/>
  <testcase name="sec2_standard_8kg" classname="com.example.ShipmentTest_Section2" time="0.001"/>
</testsuite>